[    0.000000] Initializing cgroup subsys cpuset
[    0.000000] Initializing cgroup subsys cpu
[    0.000000] Initializing cgroup subsys cpuacct
[    0.000000] Linux version 4.4.0-186-generic (buildd@lcy01-amd64-002) (gcc version 5.4.0 20160609 (Ubuntu 5.4.0-6ubuntu1~16.04.12) ) #216-Ubuntu SMP Wed Jul 1 05:34:05 UTC 2020 (Ubuntu 4.4.0-186.216-generic 4.4.228)
[    0.000000] Command line: BOOT_IMAGE=/boot/vmlinuz-4.4.0-186-generic root=LABEL=cloudimg-rootfs ro console=tty1 console=ttyS0
[    0.000000] KERNEL supported cpus:
[    0.000000]   Intel GenuineIntel
[    0.000000]   AMD AuthenticAMD
[    0.000000]   Centaur CentaurHauls
[    0.000000] x86/fpu: xstate_offset[2]:  576, xstate_sizes[2]:  256
[    0.000000] x86/fpu: Supporting XSAVE feature 0x01: 'x87 floating point registers'
[    0.000000] x86/fpu: Supporting XSAVE feature 0x02: 'SSE registers'
[    0.000000] x86/fpu: Supporting XSAVE feature 0x04: 'AVX registers'
[    0.000000] x86/fpu: Enabled xstate features 0x7, context size is 832 bytes, using 'standard' format.
[    0.000000] e820: BIOS-provided physical RAM map:
[    0.000000] BIOS-e820: [mem 0x0000000000000000-0x000000000009fbff] usable
[    0.000000] BIOS-e820: [mem 0x000000000009fc00-0x000000000009ffff] reserved
[    0.000000] BIOS-e820: [mem 0x00000000000f0000-0x00000000000fffff] reserved
[    0.000000] BIOS-e820: [mem 0x0000000000100000-0x000000003ffeffff] usable
[    0.000000] BIOS-e820: [mem 0x000000003fff0000-0x000000003fffffff] ACPI data
[    0.000000] BIOS-e820: [mem 0x00000000fec00000-0x00000000fec00fff] reserved
[    0.000000] BIOS-e820: [mem 0x00000000fee00000-0x00000000fee00fff] reserved
[    0.000000] BIOS-e820: [mem 0x00000000fffc0000-0x00000000ffffffff] reserved
[    0.000000] NX (Execute Disable) protection: active
[    0.000000] SMBIOS 2.5 present.
[    0.000000] Hypervisor detected: KVM
[    0.000000] e820: last_pfn = 0x3fff0 max_arch_pfn = 0x400000000
[    0.000000] MTRR: Disabled
[    0.000000] x86/PAT: MTRRs disabled, skipping PAT initialization too.
[    0.000000] CPU MTRRs all blank - virtualized system.
[    0.000000] x86/PAT: Configuration [0-7]: WB  WT  UC- UC  WB  WT  UC- UC  
[    0.000000] found SMP MP-table at [mem 0x0009fff0-0x0009ffff] mapped at [ffff88000009fff0]
[    0.000000] Scanning 1 areas for low memory corruption
[    0.000000] RAMDISK: [mem 0x362de000-0x37166fff]
[    0.000000] ACPI: Early table checksum verification disabled
[    0.000000] ACPI: RSDP 0x00000000000E0000 000024 (v02 VBOX  )
[    0.000000] ACPI: XSDT 0x000000003FFF0030 00003C (v01 VBOX   VBOXXSDT 00000001 ASL  00000061)
[    0.000000] ACPI: FACP 0x000000003FFF00F0 0000F4 (v04 VBOX   VBOXFACP 00000001 ASL  00000061)
[    0.000000] ACPI: DSDT 0x000000003FFF0470 0022EA (v02 VBOX   VBOXBIOS 00000002 INTL 20160831)
[    0.000000] ACPI: FACS 0x000000003FFF0200 000040
[    0.000000] ACPI: FACS 0x000000003FFF0200 000040
[    0.000000] ACPI: APIC 0x000000003FFF0240 00005C (v02 VBOX   VBOXAPIC 00000001 ASL  00000061)
[    0.000000] ACPI: SSDT 0x000000003FFF02A0 0001CC (v01 VBOX   VBOXCPUT 00000002 INTL 20160831)
[    0.000000] No NUMA configuration found
[    0.000000] Faking a node at [mem 0x0000000000000000-0x000000003ffeffff]
[    0.000000] NODE_DATA(0) allocated [mem 0x3ffeb000-0x3ffeffff]
[    0.000000] kvm-clock: Using msrs 4b564d01 and 4b564d00
[    0.000000] kvm-clock: cpu 0, msr 0:3ffe3001, primary cpu clock
[    0.000000] kvm-clock: using sched offset of 3232189888 cycles
[    0.000000] clocksource: kvm-clock: mask: 0xffffffffffffffff max_cycles: 0x1cd42e4dffb, max_idle_ns: 881590591483 ns
[    0.000000] Zone ranges:
[    0.000000]   DMA      [mem 0x0000000000001000-0x0000000000ffffff]
[    0.000000]   DMA32    [mem 0x0000000001000000-0x000000003ffeffff]
[    0.000000]   Normal   empty
[    0.000000]   Device   empty
[    0.000000] Movable zone start for each node
[    0.000000] Early memory node ranges
[    0.000000]   node   0: [mem 0x0000000000001000-0x000000000009efff]
[    0.000000]   node   0: [mem 0x0000000000100000-0x000000003ffeffff]
[    0.000000] Initmem setup node 0 [mem 0x0000000000001000-0x000000003ffeffff]
[    0.000000] ACPI: PM-Timer IO Port: 0x4008
[    0.000000] IOAPIC[0]: apic_id 2, version 32, address 0xfec00000, GSI 0-23
[    0.000000] ACPI: INT_SRC_OVR (bus 0 bus_irq 0 global_irq 2 dfl dfl)
[    0.000000] ACPI: INT_SRC_OVR (bus 0 bus_irq 9 global_irq 9 low level)
[    0.000000] Using ACPI (MADT) for SMP configuration information
[    0.000000] smpboot: Allowing 2 CPUs, 0 hotplug CPUs
[    0.000000] PM: Registered nosave memory: [mem 0x00000000-0x00000fff]
[    0.000000] PM: Registered nosave memory: [mem 0x0009f000-0x0009ffff]
[    0.000000] PM: Registered nosave memory: [mem 0x000a0000-0x000effff]
[    0.000000] PM: Registered nosave memory: [mem 0x000f0000-0x000fffff]
[    0.000000] e820: [mem 0x40000000-0xfebfffff] available for PCI devices
[    0.000000] Booting paravirtualized kernel on KVM
[    0.000000] clocksource: refined-jiffies: mask: 0xffffffff max_cycles: 0xffffffff, max_idle_ns: 7645519600211568 ns
[    0.000000] setup_percpu: NR_CPUS:512 nr_cpumask_bits:512 nr_cpu_ids:2 nr_node_ids:1
[    0.000000] PERCPU: Embedded 33 pages/cpu @ffff88003fc00000 s95512 r8192 d31464 u1048576
[    0.000000] Built 1 zonelists in Node order, mobility grouping on.  Total pages: 257912
[    0.000000] Policy zone: DMA32
[    0.000000] Kernel command line: BOOT_IMAGE=/boot/vmlinuz-4.4.0-186-generic root=LABEL=cloudimg-rootfs ro console=tty1 console=ttyS0
[    0.000000] PID hash table entries: 4096 (order: 3, 32768 bytes)
[    0.000000] Memory: 997660K/1048120K available (8636K kernel code, 1337K rwdata, 4040K rodata, 1492K init, 1296K bss, 50460K reserved, 0K cma-reserved)
[    0.000000] SLUB: HWalign=64, Order=0-3, MinObjects=0, CPUs=2, Nodes=1
[    0.000000] Kernel/User page tables isolation: enabled
[    0.000000] Hierarchical RCU implementation.
[    0.000000] 	Build-time adjustment of leaf fanout to 64.
[    0.000000] 	RCU restricting CPUs from NR_CPUS=512 to nr_cpu_ids=2.
[    0.000000] RCU: Adjusting geometry for rcu_fanout_leaf=64, nr_cpu_ids=2
[    0.000000] NR_IRQS:33024 nr_irqs:440 16
[    0.000000] Console: colour VGA+ 80x25
[    0.000000] console [tty1] enabled
[    0.000000] console [ttyS0] enabled
[    0.000000] tsc: Detected 2712.000 MHz processor
[    0.118086] Calibrating delay loop (skipped) preset value.. 5424.00 BogoMIPS (lpj=10848000)
[    0.119752] pid_max: default: 32768 minimum: 301
[    0.120517] ACPI: Core revision 20150930
[    0.122020] ACPI: 2 ACPI AML tables successfully acquired and loaded
[    0.123138] Security Framework initialized
[    0.123824] Yama: becoming mindful.
[    0.124457] AppArmor: AppArmor initialized
[    0.125215] Dentry cache hash table entries: 131072 (order: 8, 1048576 bytes)
[    0.127556] Inode-cache hash table entries: 65536 (order: 7, 524288 bytes)
[    0.129038] Mount-cache hash table entries: 2048 (order: 2, 16384 bytes)
[    0.130410] Mountpoint-cache hash table entries: 2048 (order: 2, 16384 bytes)
[    0.131985] Initializing cgroup subsys io
[    0.132952] Initializing cgroup subsys memory
[    0.133957] Initializing cgroup subsys devices
[    0.134906] Initializing cgroup subsys freezer
[    0.135851] Initializing cgroup subsys net_cls
[    0.136826] Initializing cgroup subsys perf_event
[    0.137715] Initializing cgroup subsys net_prio
[    0.138556] Initializing cgroup subsys hugetlb
[    0.139402] Initializing cgroup subsys pids
[    0.141471] mce: CPU supports 0 MCE banks
[    0.142422] Last level iTLB entries: 4KB 64, 2MB 8, 4MB 8
[    0.143521] Last level dTLB entries: 4KB 64, 2MB 0, 4MB 0, 1GB 4
[    0.144749] Spectre V1 : Mitigation: usercopy/swapgs barriers and __user pointer sanitization
[    0.146577] Spectre V2 : Mitigation: Full generic retpoline
[    0.147641] Spectre V2 : Spectre v2 / SpectreRSB mitigation: Filling RSB on context switch
[    0.149452] Speculative Store Bypass: Vulnerable
[    0.150457] SRBDS: Unknown: Dependent on hypervisor status
[    0.151738] MDS: Vulnerable: Clear CPU buffers attempted, no microcode
[    0.156151] Freeing SMP alternatives memory: 36K
[    0.163478] ftrace: allocating 32334 entries in 127 pages
[    0.222597] smpboot: APIC(0) Converting physical 0 to logical package 0
[    0.223720] smpboot: Max logical packages: 1
[    0.224735] x2apic enabled
[    0.225542] Switched APIC routing to physical x2apic.
[    0.227460] ..TIMER: vector=0x30 apic1=0 pin1=2 apic2=-1 pin2=-1
[    0.336527] APIC calibration not consistent with PM-Timer: 98ms instead of 100ms
[    0.339045] APIC delta adjusted to PM-Timer: 6250184 (6142416)
[    0.340111] smpboot: CPU0: Intel(R) Core(TM) i5-7200U CPU @ 2.50GHz (family: 0x6, model: 0x8e, stepping: 0x9)
[    0.341990] Performance Events: unsupported p6 CPU model 142 no PMU driver, software events only.
[    0.354189] KVM setup paravirtual spinlock
[    0.355642] x86: Booting SMP configuration:
[    0.356480] .... node  #0, CPUs:      #1
[    0.357321] kvm-clock: cpu 1, msr 0:3ffe3041, secondary cpu clock
[    0.359108] mce: CPU supports 0 MCE banks
[    0.361522] x86: Booted up 1 node, 2 CPUs
[    0.362454] smpboot: Total of 2 processors activated (10848.00 BogoMIPS)
[    0.363976] devtmpfs: initialized
[    0.366050] evm: security.selinux
[    0.366713] evm: security.SMACK64
[    0.367397] evm: security.SMACK64EXEC
[    0.368032] evm: security.SMACK64TRANSMUTE
[    0.368732] evm: security.SMACK64MMAP
[    0.369369] evm: security.ima
[    0.369929] evm: security.capability
[    0.370708] clocksource: jiffies: mask: 0xffffffff max_cycles: 0xffffffff, max_idle_ns: 7645041785100000 ns
[    0.373767] futex hash table entries: 512 (order: 3, 32768 bytes)
[    0.375290] pinctrl core: initialized pinctrl subsystem
[    0.376230] RTC time:  3:42:20, date: 07/26/20
[    0.377101] NET: Registered protocol family 16
[    0.388294] cpuidle: using governor ladder
[    0.400352] cpuidle: using governor menu
[    0.401078] PCCT header not found.
[    0.401740] ACPI: bus type PCI registered
[    0.402419] acpiphp: ACPI Hot Plug PCI Controller Driver version: 0.5
[    0.403468] PCI: Using configuration type 1 for base access
[    0.418131] ACPI: Added _OSI(Module Device)
[    0.418866] ACPI: Added _OSI(Processor Device)
[    0.419601] ACPI: Added _OSI(3.0 _SCP Extensions)
[    0.420373] ACPI: Added _OSI(Processor Aggregator Device)
[    0.421946] ACPI: Executed 1 blocks of module-level executable AML code
[    0.424933] ACPI: Interpreter enabled
[    0.425661] ACPI: (supports S0 S5)
[    0.426346] ACPI: Using IOAPIC for interrupt routing
[    0.427382] PCI: Using host bridge windows from ACPI; if necessary, use "pci=nocrs" and report a bug
[    0.432038] ACPI: PCI Root Bridge [PCI0] (domain 0000 [bus 00-ff])
[    0.433155] acpi PNP0A03:00: _OSC: OS supports [ASPM ClockPM Segments MSI]
[    0.434436] acpi PNP0A03:00: _OSC: not requesting OS control; OS requires [ExtendedConfig ASPM ClockPM MSI]
[    0.435952] acpi PNP0A03:00: fail to add MMCONFIG information, can't access extended PCI configuration space under this bridge.
[    0.437944] PCI host bridge to bus 0000:00
[    0.438633] pci_bus 0000:00: root bus resource [io  0x0000-0x0cf7 window]
[    0.439629] pci_bus 0000:00: root bus resource [io  0x0d00-0xffff window]
[    0.440631] pci_bus 0000:00: root bus resource [mem 0x000a0000-0x000bffff window]
[    0.441876] pci_bus 0000:00: root bus resource [mem 0x40000000-0xfdffffff window]
[    0.443129] pci_bus 0000:00: root bus resource [bus 00-ff]
[    0.454126] pci 0000:00:01.1: legacy IDE quirk: reg 0x10: [io  0x01f0-0x01f7]
[    0.455205] pci 0000:00:01.1: legacy IDE quirk: reg 0x14: [io  0x03f6]
[    0.456164] pci 0000:00:01.1: legacy IDE quirk: reg 0x18: [io  0x0170-0x0177]
[    0.457222] pci 0000:00:01.1: legacy IDE quirk: reg 0x1c: [io  0x0376]
[    0.472659] pci 0000:00:07.0: quirk: [io  0x4000-0x403f] claimed by PIIX4 ACPI
[    0.474013] pci 0000:00:07.0: quirk: [io  0x4100-0x410f] claimed by PIIX4 SMB
[    0.483466] ACPI: PCI Interrupt Link [LNKA] (IRQs 5 9 10 *11)
[    0.484970] ACPI: PCI Interrupt Link [LNKB] (IRQs 5 9 *10 11)
[    0.486236] ACPI: PCI Interrupt Link [LNKC] (IRQs 5 *9 10 11)
[    0.487534] ACPI: PCI Interrupt Link [LNKD] (IRQs 5 9 10 *11)
[    0.488836] ACPI: Enabled 2 GPEs in block 00 to 07
[    0.489967] vgaarb: setting as boot device: PCI:0000:00:02.0
[    0.490841] vgaarb: device added: PCI:0000:00:02.0,decodes=io+mem,owns=io+mem,locks=none
[    0.492185] vgaarb: loaded
[    0.492720] vgaarb: bridge control possible 0000:00:02.0
[    0.493783] SCSI subsystem initialized
[    0.494554] ACPI: bus type USB registered
[    0.495286] usbcore: registered new interface driver usbfs
[    0.496139] usbcore: registered new interface driver hub
[    0.497002] usbcore: registered new device driver usb
[    0.498022] PCI: Using ACPI for IRQ routing
[    0.498992] NetLabel: Initializing
[    0.499604] NetLabel:  domain hash size = 128
[    0.500332] NetLabel:  protocols = UNLABELED CIPSOv4
[    0.501529] NetLabel:  unlabeled traffic allowed by default
[    0.502535] amd_nb: Cannot enumerate AMD northbridges
[    0.503414] clocksource: Switched to clocksource kvm-clock
[    0.510026] AppArmor: AppArmor Filesystem Enabled
[    0.510899] pnp: PnP ACPI init
[    0.512142] pnp: PnP ACPI: found 3 devices
[    0.521177] clocksource: acpi_pm: mask: 0xffffff max_cycles: 0xffffff, max_idle_ns: 2085701024 ns
[    0.522629] NET: Registered protocol family 2
[    0.523545] TCP established hash table entries: 8192 (order: 4, 65536 bytes)
[    0.524610] TCP bind hash table entries: 8192 (order: 5, 131072 bytes)
[    0.525598] TCP: Hash tables configured (established 8192 bind 8192)
[    0.526571] UDP hash table entries: 512 (order: 2, 16384 bytes)
[    0.527501] UDP-Lite hash table entries: 512 (order: 2, 16384 bytes)
[    0.528491] NET: Registered protocol family 1
[    0.529230] pci 0000:00:00.0: Limiting direct PCI/PCI transfers
[    0.530160] pci 0000:00:01.0: Activating ISA DMA hang workarounds
[    0.531221] Unpacking initramfs...
[    0.725346] Freeing initrd memory: 14884K
[    0.726195] clocksource: tsc: mask: 0xffffffffffffffff max_cycles: 0x2717868ea45, max_idle_ns: 440795316085 ns
[    0.728140] platform rtc_cmos: registered platform RTC device (no PNP device found)
[    0.729448] Scanning for low memory corruption every 60 seconds
[    0.730663] audit: initializing netlink subsys (disabled)
[    0.731531] audit: type=2000 audit(1595734945.085:1): initialized
[    0.732758] Initialise system trusted keyring
[    0.733632] HugeTLB registered 2 MB page size, pre-allocated 0 pages
[    0.735737] zbud: loaded
[    0.736608] VFS: Disk quotas dquot_6.6.0
[    0.737311] VFS: Dquot-cache hash table entries: 512 (order 0, 4096 bytes)
[    0.738519] squashfs: version 4.0 (2009/01/31) Phillip Lougher
[    0.743545] fuse init (API version 7.23)
[    0.744386] Key type big_key registered
[    0.745066] Allocating IMA MOK and blacklist keyrings.
[    0.751965] Key type asymmetric registered
[    0.752697] Asymmetric key parser 'x509' registered
[    0.753543] Block layer SCSI generic (bsg) driver version 0.4 loaded (major 249)
[    0.754876] io scheduler noop registered
[    0.755566] io scheduler deadline registered (default)
[    0.756458] io scheduler cfq registered
[    0.757217] pci_hotplug: PCI Hot Plug PCI Core version: 0.5
[    0.758080] pciehp: PCI Express Hot Plug Controller Driver version: 0.4
[    0.759172] ACPI: AC Adapter [AC] (off-line)
[    0.759970] input: Power Button as /devices/LNXSYSTM:00/LNXPWRBN:00/input/input0
[    0.761214] ACPI: Power Button [PWRF]
[    0.761905] input: Sleep Button as /devices/LNXSYSTM:00/LNXSLPBN:00/input/input1
[    0.763180] ACPI: Sleep Button [SLPF]
[    0.764027] GHES: HEST is not enabled!
[    0.765262] ACPI: Battery Slot [BAT0] (battery present)
[    0.766124] Serial: 8250/16550 driver, 32 ports, IRQ sharing enabled
[    0.787535] 00:02: ttyS0 at I/O 0x3f8 (irq = 4, base_baud = 115200) is a 16550A
[    0.793309] Linux agpgart interface v0.103
[    0.795359] loop: module loaded
[    0.796504] scsi host0: ata_piix
[    0.797223] scsi host1: ata_piix
[    0.797852] ata1: PATA max UDMA/33 cmd 0x1f0 ctl 0x3f6 bmdma 0xd000 irq 14
[    0.798856] ata2: PATA max UDMA/33 cmd 0x170 ctl 0x376 bmdma 0xd008 irq 15
[    0.800006] libphy: Fixed MDIO Bus: probed
[    0.800802] tun: Universal TUN/TAP device driver, 1.6
[    0.801616] tun: (C) 1999-2004 Max Krasnyansky <maxk@qualcomm.com>
[    0.802589] PPP generic driver version 2.4.2
[    0.803369] ehci_hcd: USB 2.0 'Enhanced' Host Controller (EHCI) Driver
[    0.804395] ehci-pci: EHCI PCI platform driver
[    0.805150] ehci-platform: EHCI generic platform driver
[    0.805993] ohci_hcd: USB 1.1 'Open' Host Controller (OHCI) Driver
[    0.806946] ohci-pci: OHCI PCI platform driver
[    0.807694] ohci-platform: OHCI generic platform driver
[    0.808555] uhci_hcd: USB Universal Host Controller Interface driver
[    0.809583] i8042: PNP: PS/2 Controller [PNP0303:PS2K,PNP0f03:PS2M] at 0x60,0x64 irq 1,12
[    0.811408] serio: i8042 KBD port at 0x60,0x64 irq 1
[    0.812245] serio: i8042 AUX port at 0x60,0x64 irq 12
[    0.813167] mousedev: PS/2 mouse device common for all mice
[    0.814514] input: AT Translated Set 2 keyboard as /devices/platform/i8042/serio0/input/input2
[    0.816085] rtc_cmos rtc_cmos: rtc core: registered rtc_cmos as rtc0
[    0.817105] rtc_cmos rtc_cmos: alarms up to one day, 114 bytes nvram
[    0.818074] i2c /dev entries driver
[    0.818750] device-mapper: uevent: version 1.0.3
[    0.819596] device-mapper: ioctl: 4.34.0-ioctl (2015-10-28) initialised: dm-devel@redhat.com
[    0.820994] ledtrig-cpu: registered to indicate activity on CPUs
[    0.822271] NET: Registered protocol family 10
[    0.823208] NET: Registered protocol family 17
[    0.823993] Key type dns_resolver registered
[    0.824913] registered taskstats version 1
[    0.825633] Loading compiled-in X.509 certificates
[    0.826945] Loaded X.509 cert 'Build time autogenerated kernel key: cef5e81496c0efa51b848ab539e845ddf31c08be'
[    0.828584] zswap: loaded using pool lzo/zbud
[    0.830856] Key type trusted registered
[    0.834222] Key type encrypted registered
[    0.834935] AppArmor: AppArmor sha1 policy hashing enabled
[    0.835786] ima: No TPM chip found, activating TPM-bypass!
[    0.836687] ima: Allocated hash algorithm: sha1
[    0.837441] evm: HMAC attrs: 0x1
[    0.838320]   Magic number: 12:958:715
[    0.839059] rtc_cmos rtc_cmos: setting system clock to 2020-07-26 03:42:21 UTC (1595734941)
[    0.840564] BIOS EDD facility v0.16 2004-Jun-25, 0 devices found
[    0.841477] EDD information not available.
[    0.960309] Freeing unused kernel memory: 1492K
[    0.963972] Write protecting the kernel read-only data: 14336k
[    0.969849] Freeing unused kernel memory: 1592K
[    0.974017] Freeing unused kernel memory: 56K
Loading, please wait...
starting version 229
[    1.002332] random: systemd-udevd: uninitialized urandom read (16 bytes read, 3 bits of entropy available)
[    1.003430] random: udevadm: uninitialized urandom read (16 bytes read, 3 bits of entropy available)
[    1.003495] random: udevadm: uninitialized urandom read (16 bytes read, 3 bits of entropy available)
[    1.010552] random: systemd-udevd: uninitialized urandom read (16 bytes read, 3 bits of entropy available)
[    1.012730] random: systemd-udevd: uninitialized urandom read (16 bytes read, 3 bits of entropy available)
[    1.014732] random: udevadm: uninitialized urandom read (16 bytes read, 3 bits of entropy available)
[    1.014733] random: systemd-udevd: uninitialized urandom read (16 bytes read, 3 bits of entropy available)
[    1.015762] random: systemd-udevd: uninitialized urandom read (16 bytes read, 3 bits of entropy available)
[    1.015782] random: systemd-udevd: uninitialized urandom read (16 bytes read, 3 bits of entropy available)
[    1.015791] random: systemd-udevd: uninitialized urandom read (16 bytes read, 3 bits of entropy available)
[    1.059939] e1000: Intel(R) PRO/1000 Network Driver - version 7.3.21-k8-NAPI
[    1.061699] e1000: Copyright (c) 1999-2006 Intel Corporation.
[    1.066193] Fusion MPT base driver 3.04.20
[    1.067169] Copyright (c) 1999-2008 LSI Corporation
[    1.108717] AVX2 version of gcm_enc/dec engaged.
[    1.109542] AES CTR mode by8 optimization enabled
[    1.112532] Fusion MPT SPI Host driver 3.04.20
[    1.293347] input: ImExPS/2 Generic Explorer Mouse as /devices/platform/i8042/serio1/input/input4
[    1.460928] e1000 0000:00:03.0 eth0: (PCI:33MHz:32-bit) 02:81:88:50:25:98
[    1.463745] e1000 0000:00:03.0 eth0: Intel(R) PRO/1000 Network Connection
[    1.467074] mptbase: ioc0: Initiating bringup
[    1.532360] ioc0: LSI53C1030 A0: Capabilities={Initiator}
[    1.704210] scsi host2: ioc0: LSI53C1030 A0, FwRev=00000000h, Ports=1, MaxQ=256, IRQ=20
[    1.821095] scsi 2:0:0:0: Direct-Access     VBOX     HARDDISK         1.0  PQ: 0 ANSI: 5
[    1.829165] scsi target2:0:0: Beginning Domain Validation
[    1.836568] scsi target2:0:0: Domain Validation skipping write tests
[    1.840994] scsi target2:0:0: Ending Domain Validation
[    1.844865] scsi target2:0:0: asynchronous
[    1.849595] scsi 2:0:1:0: Direct-Access     VBOX     HARDDISK         1.0  PQ: 0 ANSI: 5
[    1.854048] scsi target2:0:1: Beginning Domain Validation
[    1.872282] scsi target2:0:1: Domain Validation skipping write tests
[    1.873430] scsi target2:0:1: Ending Domain Validation
[    1.874427] scsi target2:0:1: asynchronous
[    1.892343] sd 2:0:0:0: Attached scsi generic sg0 type 0
[    1.893264] sd 2:0:0:0: [sda] 20971520 512-byte logical blocks: (10.7 GB/10.0 GiB)
[    1.895086] sd 2:0:1:0: [sdb] 20480 512-byte logical blocks: (10.5 MB/10.0 MiB)
[    1.896510] sd 2:0:1:0: Attached scsi generic sg1 type 0
[    1.897614] sd 2:0:0:0: [sda] Write Protect is off
[    1.898444] sd 2:0:1:0: [sdb] Write Protect is off
[    1.899341] sd 2:0:0:0: [sda] Incomplete mode parameter data
[    1.900316] sd 2:0:0:0: [sda] Assuming drive cache: write through
[    1.901285] sd 2:0:1:0: [sdb] Incomplete mode parameter data
[    1.902238] sd 2:0:1:0: [sdb] Assuming drive cache: write through
[    1.904606]  sda: sda1
[    1.905952] sd 2:0:1:0: [sdb] Attached SCSI disk
[    1.906864] sd 2:0:0:0: [sda] Attached SCSI disk
[    2.175095] e1000 0000:00:08.0 eth1: (PCI:33MHz:32-bit) 08:00:27:51:a4:93
[    2.176155] e1000 0000:00:08.0 eth1: Intel(R) PRO/1000 Network Connection
[    2.177839] e1000 0000:00:03.0 enp0s3: renamed from eth0
[    2.187668] e1000 0000:00:08.0 enp0s8: renamed from eth1
Begin: Loading essential drivers ... [    3.528017] md: linear personality registered for level -1
[    3.531512] md: multipath personality registered for level -4
[    3.534936] md: raid0 personality registered for level 0
[    3.539236] md: raid1 personality registered for level 1
[    3.611444] raid6: sse2x1   gen() 10263 MB/s
[    3.679434] raid6: sse2x1   xor()  8061 MB/s
[    3.747463] raid6: sse2x2   gen() 12333 MB/s
[    3.815463] raid6: sse2x2   xor()  9184 MB/s
[    3.883460] raid6: sse2x4   gen() 14131 MB/s
[    3.951457] raid6: sse2x4   xor() 10500 MB/s
[    4.019436] raid6: avx2x1   gen() 20294 MB/s
[    4.087437] raid6: avx2x2   gen() 23191 MB/s
[    4.155442] raid6: avx2x4   gen() 26124 MB/s
[    4.156213] raid6: using algorithm avx2x4 gen() 26124 MB/s
[    4.157050] raid6: using avx2x2 recovery algorithm
[    4.159050] xor: automatically using best checksumming function:
[    4.203719]    avx       : 51827.000 MB/sec
[    4.205652] async_tx: api initialized (async)
[    4.216160] md: raid6 personality registered for level 6
[    4.217344] md: raid5 personality registered for level 5
[    4.218418] md: raid4 personality registered for level 4
[    4.225082] md: raid10 personality registered for level 10
done.
Begin: Running /scripts/init-premount ... done.
Begin: Mounting root file system ... Begin: Running /scripts/local-top ... done.
Begin: Running /scripts/local-premount ... [    4.250993] Btrfs loaded
Scanning for Btrfs filesystems
done.
Warning: fsck not present, so skipping root file system
[    4.278698] EXT4-fs (sda1): mounted filesystem with ordered data mode. Opts: (null)
done.
Begin: Running /scripts/local-bottom ... done.
Begin: Running /scripts/init-bottom ... done.
[    4.362549] systemd[1]: systemd 229 running in system mode. (+PAM +AUDIT +SELINUX +IMA +APPARMOR +SMACK +SYSVINIT +UTMP +LIBCRYPTSETUP +GCRYPT +GNUTLS +ACL +XZ -LZ4 +SECCOMP +BLKID +ELFUTILS +KMOD -IDN)
[    4.365297] systemd[1]: Detected virtualization oracle.
[    4.366122] systemd[1]: Detected architecture x86-64.

Welcome to [1mUbuntu 16.04.6 LTS[0m!

[    4.368824] systemd[1]: Set hostname to <ubuntu>.
[    4.370703] systemd[1]: Initializing machine ID from random generator.
[    4.371808] systemd[1]: Installed transient /etc/machine-id file.
[    4.484185] systemd[1]: Created slice User and Session Slice.
[[0;32m  OK  [0m] Created slice User and Session Slice.
[    4.486396] systemd[1]: Listening on udev Kernel Socket.
[[0;32m  OK  [0m] Listening on udev Kernel Socket.
[    4.488444] systemd[1]: Listening on Syslog Socket.
[[0;32m  OK  [0m] Listening on Syslog Socket.
[    4.490358] systemd[1]: Reached target User and Group Name Lookups.
[[0;32m  OK  [0m] Reached target User and Group Name Lookups.
[    4.492550] systemd[1]: Reached target Swap.
[[0;32m  OK  [0m] Reached target Swap.
[    4.494391] systemd[1]: Started Trigger resolvconf update for networkd DNS.
[[0;32m  OK  [0m] Started Trigger resolvconf update for networkd DNS.
[    4.496901] systemd[1]: Listening on Journal Socket.
[[0;32m  OK  [0m] Listening on Journal Socket.
[    4.498675] systemd[1]: Reached target System Time Synchronized.
[[0;32m  OK  [0m] Reached target System Time Synchronized.
[    4.500890] systemd[1]: Reached target Encrypted Volumes.
[[0;32m  OK  [0m] Reached target Encrypted Volumes.
[    4.502791] systemd[1]: Listening on udev Control Socket.
[[0;32m  OK  [0m] Listening on udev Control Socket.
[    4.504857] systemd[1]: Listening on LVM2 poll daemon socket.
[[0;32m  OK  [0m] Listening on LVM2 poll daemon socket.
[    4.506957] systemd[1]: Listening on Device-mapper event daemon FIFOs.
[[0;32m  OK  [0m] Listening on Device-mapper event daemon FIFOs.
[    4.509246] systemd[1]: Listening on Journal Audit Socket.
[[0;32m  OK  [0m] Listening on Journal Audit Socket.
[    4.511364] systemd[1]: Set up automount Arbitrary Executable File Formats File System Automount Point.
[[0;32m  OK  [0m] Set up automount Arbitrary Executab...ats File System Automount Point.
[    4.514460] systemd[1]: Started Forward Password Requests to Wall Directory Watch.
[[0;32m  OK  [0m] Started Forward Password Requests to Wall Directory Watch.
[    4.517278] systemd[1]: Listening on LVM2 metadata daemon socket.
[[0;32m  OK  [0m] Listening on LVM2 metadata daemon socket.
[    4.519044] systemd[1]: Listening on /dev/initctl Compatibility Named Pipe.
[[0;32m  OK  [0m] Listening on /dev/initctl Compatibility Named Pipe.
[    4.520996] systemd[1]: Listening on Journal Socket (/dev/log).
[[0;32m  OK  [0m] Listening on Journal Socket (/dev/log).
[    4.522929] systemd[1]: Created slice System Slice.
[[0;32m  OK  [0m] Created slice System Slice.
[    4.539684] systemd[1]: Starting Nameserver information manager...
         Starting Nameserver information manager...
[    4.542224] systemd[1]: Starting Set console keymap...
         Starting Set console keymap...
[    4.544400] systemd[1]: Mounting Debug File System...
         Mounting Debug File System...
[    4.547394] systemd[1]: Starting Load Kernel Modules...
         Starting Load Kernel Modules...
[    4.549913] systemd[1]: Starting Uncomplicated firewall...
         Starting Uncomplicated firewall...
[    4.552423] systemd[1]: Starting Create list of required static device nodes for the current kernel...
         Starting Create list of required st... nodes for the current kernel...
[    4.555663] systemd[1]: Mounting Huge Pages File System...
         Mounting Huge Pages File System...
[    4.558223] systemd[1]: Starting Monitoring of LVM2 mirrors, snapshots etc. using dmeventd or progress polling...
         Starting Monitoring of LVM2 mirrors... dmeventd or progress polling...
[    4.563863] systemd[1]: Mounting POSIX Message Queue File System...
         Mounting POSIX Message Queue File System...
[    4.567098] systemd[1]: Starting Journal Service...
         Starting Journal Service...
[    4.571122] systemd[1]: Created slice system-serial\x2dgetty.slice.
[[0;32m  OK  [0[    4.572791] Loading iSCSI transport class v2.0-870.
m] Created slice system-serial\x2dgetty.slice.
[    4.575135] systemd[1]: Starting Remount Root and Kernel File Systems...
         Starting Remount Root and Kernel File Systems...
[    4.577092] systemd[1]: Reached target Slices.
[[0;32m  OK  [0m] Reached target Slices.
[    4.580371] systemd[1]: Mounted Huge Pages File System.
[[0;32m  OK  [0m] Mounted Huge Pages File System.
[    4.582455] systemd[1]: Mounted POSIX Message Queue File System.
[[0;32m  OK  [0m] Mounted POSIX Message Queue File System.
[    4.584371] systemd[1]: Mounted Debug File System.
[[0;32m  OK  [0m] Mounted Debug File System.
[    4.587805] systemd[1]: Started Uncomplicated firewall.
[[0;32m  OK  [0m] Started Uncomplicated firewall.
[    4.592613] systemd[1]: Started Create list of required static device nodes for the current kernel.
[[0;32m  OK  [0m] Started Create list of required sta...ce nodes for the current kernel.
[    4.596437] systemd[1]: Started LVM2 metadata daemon.
[[0;32m  OK  [0m] Started LVM2 metadata daemon.
[    4.599274] systemd[1]: Starting Create Static Device Nodes in /dev...
         Starting Create Static Device Nodes in /dev...
[    4.603231] systemd[1]: Started Nameserver information manager.
[[0;32m  OK  [0m] Started Nameserver information manager.
[    4.605865] iscsi: registered transport (tcp)
[    4.606306] EXT4-fs (sda1): re-mounted. Opts: (null)
[    4.608624] systemd[1]: Started Remount Root and Kernel File Systems.
[[0;32m  OK  [0m] Started Remount Root and Kernel File Systems.
[    4.610726] systemd[1]: Started Journal Service.
[[0;32m  OK  [0m] Started Journal Service.
         Starting Load/Save Random Seed...
         Starting Flush Journal to Persistent Storage...
         Starting udev Coldplug all Devices...
[[0;32m  OK  [0m] Started Load/Save Random Seed.
[[0;32m  OK  [0m] Started Create Static Device Nodes in /dev.
         Starting udev Kernel Device Manager...
[    4.635257] systemd-journald[398]: Received request to flush runtime journal from PID 1
[[0;32m  OK  [0m] Started Flush Journal to Persistent Storage.
[[0;32m  OK  [0m] Started Set console keymap.
[[0;32m  OK  [0m] Started udev Kernel Device Manager.
[    4.681840] iscsi: registered transport (iser)
[[0;32m  OK  [0m] Started Load Kernel Modules.
         Mounting FUSE Control File System...
         Starting Apply Kernel Variables...
[[0;32m  OK  [0m] Started udev Coldplug all Devices.
[[0;32m  OK  [0m] Mounted FUSE Control File System.
[[0;32m  OK  [0m] Started Dispatch Password Requests to Console Directory Watch.
[[0;32m  OK  [0m] Started Apply Kernel Variables.
[[0;32m  OK  [0m] Found device /dev/ttyS0.
[[0;32m  OK  [0m] Listening on Load/Save RF Kill Switch Status /dev/rfkill Watch.
[[0;32m  OK  [0m] Started Monitoring of LVM2 mirrors,...ng dmeventd or progress polling.
[[0;32m  OK  [0m] Reached target Local File Systems (Pre).
[[0;32m  OK  [0m] Reached target Local File Systems.
         Starting Create Volatile Files and Directories...
         Starting Commit a transient machine-id on disk...
         Starting LSB: AppArmor initialization...
         Starting Tell Plymouth To Write Out Runtime Data...
         Starting Set console font and keymap...
         Starting Initial cloud-init job (pre-networking)...
[[0;32m  OK  [0m] Started Create Volatile Files and Directories.
[[0;32m  OK  [0m] Started Tell Plymouth To Write Out Runtime Data.
         Starting Update UTMP about System Boot/Shutdown...
[[0;32m  OK  [0m] Started Update UTMP about System Boot/Shutdown.
[[0;32m  OK  [0m] Started Commit a transient machine-id on disk.
[    5.776631] cloud-init[564]: Cloud-init v. 20.2-45-g5f7825e2-0ubuntu1~16.04.1 running 'init-local' at Sun, 26 Jul 2020 03:42:26 +0000. Up 5.35 seconds.
[[0;32m  OK  [0m] Started Initial cloud-init job (pre-networking).
[[0;32m  OK  [0m] Started LSB: AppArmor initialization.
         Starting Load AppArmor profiles managed internally by snapd...
[[0;32m  OK  [0m] Reached target Network (Pre).
         Starting Raise network interfaces...
[[0;32m  OK  [0m] Started Load AppArmor profiles managed internally by snapd.
[[0;32m  OK  [0m] Started Set console font and keymap.
[[0;32m  OK  [0m] Created slice system-getty.slice.
[[0;32m  OK  [0m] Started Raise network interfaces.
[[0;32m  OK  [0m] Reached target Network.
         Starting Initial cloud-init job (metadata service crawler)...
[    6.924470] cloud-init[971]: Cloud-init v. 20.2-45-g5f7825e2-0ubuntu1~16.04.1 running 'init' at Sun, 26 Jul 2020 03:42:27 +0000. Up 6.42 seconds.
[    6.926289] cloud-init[971]: ci-info: ++++++++++++++++++++++++++++++++++++++Net device info+++++++++++++++++++++++++++++++++++++++
[    6.927935] cloud-init[971]: ci-info: +--------+-------+----------------------------+---------------+--------+-------------------+
[    6.929618] cloud-init[971]: ci-info: | Device |   Up  |          Address           |      Mask     | Scope  |     Hw-Address    |
[    6.932213] cloud-init[971]: ci-info: +--------+-------+----------------------------+---------------+--------+-------------------+
[    6.936240] cloud-init[971]: ci-info: | enp0s3 |  True |         10.0.2.15          | 255.255.255.0 | global | 02:81:88:50:25:98 |
[    6.940286] cloud-init[971]: ci-info: | enp0s3 |  True | fe80::81:88ff:fe50:2598/64 |       .       |  link  | 02:81:88:50:25:98 |
[    6.944278] cloud-init[971]: ci-info: | enp0s8 | False |             .              |       .       |   .    | 08:00:27:51:a4:93 |
[    6.945907] cloud-init[971]: ci-info: |   lo   |  True |         127.0.0.1          |   255.0.0.0   |  host  |         .         |
[    6.952281] cloud-init[971]: ci-info: |   lo   |  True |          ::1/128           |       .       |  host  |         .         |
[    6.953914] cloud-init[971]: ci-info: +--------+-------+----------------------------+---------------+--------+-------------------+
[    6.955542] cloud-init[971]: ci-info: +++++++++++++++++++++++++++Route IPv4 info++++++++++++++++++++++++++++
[    6.961132] cloud-init[971]: ci-info: +-------+-------------+----------+---------------+-----------+-------+
[    6.962579] cloud-init[971]: ci-info: | Route | Destination | Gateway  |    Genmask    | Interface | Flags |
[    6.964025] cloud-init[971]: ci-info: +-------+-------------+----------+---------------+-----------+-------+
[    6.969609] cloud-init[971]: ci-info: |   0   |   0.0.0.0   | 10.0.2.2 |    0.0.0.0    |   enp0s3  |   UG  |
[    6.971052] cloud-init[971]: ci-info: |   1   |   10.0.2.0  | 0.0.0.0  | 255.255.255.0 |   enp0s3  |   U   |
[    6.976484] cloud-init[971]: ci-info: +-------+-------------+----------+---------------+-----------+-------+
[    6.977938] cloud-init[971]: ci-info: +++++++++++++++++++Route IPv6 info+++++++++++++++++++
[    6.979220] cloud-init[971]: ci-info: +-------+-------------+---------+-----------+-------+
[    6.984469] cloud-init[971]: ci-info: | Route | Destination | Gateway | Interface | Flags |
[    6.985776] cloud-init[971]: ci-info: +-------+-------------+---------+-----------+-------+
[    6.987054] cloud-init[971]: ci-info: |   0   |  fe80::/64  |    ::   |   enp0s3  |   U   |
[    6.992507] cloud-init[971]: ci-info: |   3   |   ff00::/8  |    ::   |   enp0s3  |   U   |
[    6.993807] cloud-init[971]: ci-info: +-------+-------------+---------+-----------+-------+
[    6.995097] cloud-init[971]: Generating public/private rsa key pair.
[    6.996215] cloud-init[971]: Your identification has been saved in /etc/ssh/ssh_host_rsa_key.
[    6.997645] cloud-init[971]: Your public key has been saved in /etc/ssh/ssh_host_rsa_key.pub.
[    6.999027] cloud-init[971]: The key fingerprint is:
[    7.000076] cloud-init[971]: SHA256:6OrpClPyzikw2EWW8a9y4PCspNZ6zB+Nk0HnAoDF8Y0 root@ubuntu-xenial
[    7.001530] cloud-init[971]: The key's randomart image is:
[    7.002565] cloud-init[971]: +---[RSA 2048]----+
[    7.004454] cloud-init[971]: |.+o..o           |
[    7.004562] cloud-init[971]: |. o.++           |
[    7.004941] cloud-init[971]: |   +E.o.         |
[    7.005220] cloud-init[971]: |    + oo         |
[    7.005503] cloud-init[971]: |o.o..o..S        |
[    7.005915] cloud-init[971]: |++.= o*.         |
[    7.006196] cloud-init[971]: |+.* ==+.         |
[    7.006476] cloud-init[971]: |.O B =o          |
[    7.006753] cloud-init[971]: |ooO+*.           |
[    7.007032] cloud-init[971]: +----[SHA256]-----+
[    7.007458] cloud-init[971]: Generating public/private dsa key pair.
[    7.007869] cloud-init[971]: Your identification has been saved in /etc/ssh/ssh_host_dsa_key.
[    7.008311] cloud-init[971]: Your public key has been saved in /etc/ssh/ssh_host_dsa_key.pub.
[    7.008722] cloud-init[971]: The key fingerprint is:
[    7.008996] cloud-init[971]: SHA256:8Oah1p/Azjcbm1+3yLyT2w0mAEtE8I8kr1Hc4f2WCa0 root@ubuntu-xenial
[    7.009273] cloud-init[971]: The key's randomart image is:
[    7.009553] cloud-init[971]: +---[DSA 1024]----+
[    7.009980] cloud-init[971]: |      .oo .      |
[    7.010254] cloud-init[971]: |       + o o .   |
[    7.010531] cloud-init[971]: |      o B o o .  |
[    7.010808] cloud-init[971]: |       O =   + o |
[    7.011085] cloud-init[971]: |      . S o E =  |
[    7.011365] cloud-init[971]: |       O . . .   |
[    7.011647] cloud-init[971]: |      + = . . = .|
[    7.011927] cloud-init[971]: |     . o oo=o*ooo|
[    7.012357] cloud-init[971]: |        o.*+.*+o.|
[    7.012628] cloud-init[971]: +----[SHA256]-----+
[    7.012904] cloud-init[971]: Generating public/private ecdsa key pair.
[    7.013183] cloud-init[971]: Your identification has been saved in /etc/ssh/ssh_host_ecdsa_key.
[    7.013465] cloud-init[971]: Your public key has been saved in /etc/ssh/ssh_host_ecdsa_key.pub.
[    7.013744] cloud-init[971]: The key fingerprint is:
[    7.014024] cloud-init[971]: SHA256:0bUQYDShwoOZdDzoalCl3wtlhoP+4oLIaac5C5/Kc1Q root@ubuntu-xenial
[    7.014302] cloud-init[971]: The key's randomart image is:
[    7.014584] cloud-init[971]: +---[ECDSA 256]---+
[    7.014859] cloud-init[971]: |  .+o  .*oo..    |
[    7.015138] cloud-init[971]: | .oOo. o o o .   |
[    7.015423] cloud-init[971]: | o* *.= . . .    |
[    7.015700] cloud-init[971]: |.... E   .       |
[    7.015977] cloud-init[971]: |... + . S        |
[    7.016406] cloud-init[971]: |.. o . .         |
[    7.016682] cloud-init[971]: |* + . .          |
[    7.016961] cloud-init[971]: |*O.=             |
[    7.017238] cloud-init[971]: |oB@              |
[    7.017518] cloud-init[971]: +----[SHA256]-----+
[    7.017797] cloud-init[971]: Generating public/private ed25519 key pair.
[    7.018076] cloud-init[971]: Your identification has been saved in /etc/ssh/ssh_host_ed25519_key.
[    7.018353] cloud-init[971]: Your public key has been saved in /etc/ssh/ssh_host_ed25519_key.pub.
[    7.018631] cloud-init[971]: The key fingerprint is:
[    7.018910] cloud-init[971]: SHA256:7OK7CtHd4FtAmYbc7tPUJyzsPdVfujtbrg+g+MBkaEE root@ubuntu-xenial
[    7.019191] cloud-init[971]: The key's randomart image is:
[    7.019470] cloud-init[971]: +--[ED25519 256]--+
[    7.019756] cloud-init[971]: |   . oEo         |
[    7.020060] cloud-init[971]: |    oo=          |
[    7.020330] cloud-init[971]: |     o+. o   .   |
[    7.020592] cloud-init[971]: |   . o.B+ + o . .|
[    7.020871] cloud-init[971]: |  . ..=+So +.  o.|
[    7.021150] cloud-init[971]: |   . .oBo.o. .. .|
[    7.021430] cloud-init[971]: |  .   o.= ..  ...|
[    7.021709] cloud-init[971]: |   . . . o    o+ |
[    7.021986] cloud-init[971]: |    ..+o  .   +*o|
[    7.022264] cloud-init[971]: +----[SHA256]-----+
[[0;32m  OK  [0m] Started Initial cloud-init job (metadata service crawler).
[[0;32m  OK  [0m] Reached target System Initialization.
[[0;32m  OK  [0m] Listening on ACPID Listen Socket.
[[0;32m  OK  [0m] Listening on D-Bus System Message Bus Socket.
         Starting Socket activation for snappy daemon.
         Starting LXD - unix socket.
[[0;32m  OK  [0m] Started ACPI Events Check.
[[0;32m  OK  [0m] Reached target Paths.
[[0;32m  OK  [0m] Listening on UUID daemon activation socket.
[[0;32m  OK  [0m] Started Daily Cleanup of Temporary Directories.
[[0;32m  OK  [0m] Started Daily apt download activities.
[[0;32m  OK  [0m] Started Daily apt upgrade and clean activities.
[[0;32m  OK  [0m] Started Message of the Day.
[[0;32m  OK  [0m] Reached target Timers.
[[0;32m  OK  [0m] Reached target Network is Online.
         Starting iSCSI initiator daemon (iscsid)...
[[0;32m  OK  [0m] Reached target Cloud-config availability.
[[0;32m  OK  [0m] Listening on Socket activation for snappy daemon.
[[0;32m  OK  [0m] Listening on LXD - unix socket.
[[0;32m  OK  [0m] Reached target Sockets.
[[0;32m  OK  [0m] Reached target Basic System.
[[0;32m  OK  [0m] Started D-Bus System Message Bus.
[[0;32m  OK  [0m] Started FUSE filesystem for LXC.
         Starting LSB: Record successful boot for GRUB...
[[0;32m  OK  [0m] Started ACPI event daemon.
         Starting Virtualbox guest utils...
         Starting LSB: MD monitoring daemon...
         Starting Login Service...
         Starting System Logging Service...
[[0;32m  OK  [0m] Started Regular background program processing daemon.
         Starting Pollinate to seed the pseudo random number generator...
[[0;32m  OK  [0m] Started Deferred execution scheduler.
         Starting LXD - container startup/shutdown...
         Starting /etc/rc.local Compatibility...
         Starting Accounts Service...
         Starting Snap Daemon...
[[0;32m  OK  [0m] Started /etc/rc.local Compatibility.
[[0;32m  OK  [0m] Started iSCSI initiator daemon (iscsid).
         Starting Login to default iSCSI targets...
[[0;32m  OK  [0m] Started System Logging Service.
[[0;32m  OK  [0m] Started Login Service.
[[0;32m  OK  [0m] Started Unattended Upgrades Shutdown.
[[0;32m  OK  [0m] Started LSB: Record successful boot for GRUB.
[[0;32m  OK  [0m] Started Login to default iSCSI targets.
[[0;32m  OK  [0m] Reached target Remote File Systems (Pre).
[[0;32m  OK  [0m] Reached target Remote File Systems.
         Starting Permit User Sessions...
         Starting LSB: Set the CPU Frequency Scaling governor to "ondemand"...
         Starting LSB: daemon to balance interrupts for SMP systems...
         Starting LSB: automatic crash report generation...
[[0;32m  OK  [0m] Started LSB: MD monitoring daemon.
[[0;32m  OK  [0m] Started Permit User Sessions.
         Starting Authenticate and Authorize Users to Run Privileged Tasks...
         Starting Hold until boot process finishes up...
         Starting Terminate Plymouth Boot Screen...
[[0;32m  OK  [0m] Started LXD - container startup/shutdown.
[[0;32m  OK  [0m] Started Hold until boot process finishes up.
         Starting Set console scheme...
[[0;32m  OK  [0m] Started Serial Getty on ttyS0.
[[0;32m  OK  [0m] Started Getty on tty1.
[[0;32m  OK  [0m] Reached target Login Prompts.
[[0;32m  OK  [0m] Started Set console scheme.
[[0;32m  OK  [0m] Started LSB: Set the CPU Frequency Scaling governor to "ondemand".
[[0;32m  OK  [0m] Started Terminate Plymouth Boot Screen.
[[0;32m  OK  [0m] Started LSB: automatic crash report generation.
[[0;32m  OK  [0m] Started Authenticate and Authorize Users to Run Privileged Tasks.
[[0;32m  OK  [0m] Started LSB: daemon to balance interrupts for SMP systems.
[[0;32m  OK  [0m] Started Accounts Service.
[[0;32m  OK  [0m] Started Virtualbox guest utils.
[[0;32m  OK  [0m] Started Snap Daemon.
         Starting Wait until snapd is fully seeded...
[[0;32m  OK  [0m] Started Pollinate to seed the pseudo random number generator.
         Starting OpenBSD Secure Shell server...
[[0;32m  OK  [0m] Started OpenBSD Secure Shell server.

Ubuntu 16.04.6 LTS ubuntu-xenial ttyS0

ubuntu-xenial login: [   15.029915] cloud-init[1481]: Generating locales (this might take a while)...
[   15.697405] cloud-init[1481]:   en_US.UTF-8... done
[   15.697826] cloud-init[1481]: Generation complete.
[   16.005767] cloud-init[1481]: Cloud-init v. 20.2-45-g5f7825e2-0ubuntu1~16.04.1 running 'modules:config' at Sun, 26 Jul 2020 03:42:35 +0000. Up 14.94 seconds.
ci-info: no authorized SSH keys fingerprints found for user ubuntu.
<14>Jul 26 03:42:37 ec2: 
<14>Jul 26 03:42:37 ec2: #############################################################
<14>Jul 26 03:42:37 ec2: -----BEGIN SSH HOST KEY FINGERPRINTS-----
<14>Jul 26 03:42:37 ec2: 1024 SHA256:8Oah1p/Azjcbm1+3yLyT2w0mAEtE8I8kr1Hc4f2WCa0 root@ubuntu-xenial (DSA)
<14>Jul 26 03:42:37 ec2: 256 SHA256:0bUQYDShwoOZdDzoalCl3wtlhoP+4oLIaac5C5/Kc1Q root@ubuntu-xenial (ECDSA)
<14>Jul 26 03:42:37 ec2: 256 SHA256:7OK7CtHd4FtAmYbc7tPUJyzsPdVfujtbrg+g+MBkaEE root@ubuntu-xenial (ED25519)
<14>Jul 26 03:42:37 ec2: 2048 SHA256:6OrpClPyzikw2EWW8a9y4PCspNZ6zB+Nk0HnAoDF8Y0 root@ubuntu-xenial (RSA)
<14>Jul 26 03:42:37 ec2: -----END SSH HOST KEY FINGERPRINTS-----
<14>Jul 26 03:42:37 ec2: #############################################################
-----BEGIN SSH HOST KEY KEYS-----
ecdsa-sha2-nistp256 AAAAE2VjZHNhLXNoYTItbmlzdHAyNTYAAAAIbmlzdHAyNTYAAABBBHpCpEamjmDtTnnlbW8e46fWIBxHf7UTA48uEa8Ei3zxKlG2lIT0YMZTmHVyPI0Oh1u0YF6snwDsnhWH9vUoUzA= root@ubuntu-xenial
ssh-ed25519 AAAAC3NzaC1lZDI1NTE5AAAAIEIKm46SvbRj4KdnjFOAZ9Rdpcs7DcdnEcPMUQvcKwPj root@ubuntu-xenial
ssh-rsa AAAAB3NzaC1yc2EAAAADAQABAAABAQCaEpTqxFSv/0X3ZEgLJvl+R+8/+Mvt/6l9MwWBtwsEXlHyM1FqH5CTtKBZ+lGE4rUtm8vuSI9QhWxkAtHhRmubTBqaYSmzPMavaL/f6vRXyP12stTt7AhcLe9DNg50NxmFfLhbAaS/et7rQ+rzLCzIwDLAQ/7wD8BCcccoYiJ0jVsoSk98sxr7QXTm7Fdv2YGqlYrgFjUueGiXNEPyzymAHzpkOm+4xSqYl98E6r65hVe/8IugK/97INeqakErpfcH2Iin5wg2Brz2lshoF+m0pmOvISx1H5iEHykohp/2eBOdtHEd2+u2Q1K0jZT8e37bdb2aWaoODizHMZ9wYYCD root@ubuntu-xenial
-----END SSH HOST KEY KEYS-----
[   16.515949] cloud-init[1578]: Cloud-init v. 20.2-45-g5f7825e2-0ubuntu1~16.04.1 running 'modules:final' at Sun, 26 Jul 2020 03:42:37 +0000. Up 16.34 seconds.
[   16.518280] cloud-init[1578]: ci-info: no authorized SSH keys fingerprints found for user ubuntu.
[   16.519892] cloud-init[1578]: Cloud-init v. 20.2-45-g5f7825e2-0ubuntu1~16.04.1 finished at Sun, 26 Jul 2020 03:42:37 +0000. Datasource DataSourceNoCloud [seed=/dev/sdb][dsmode=net].  Up 16.49 seconds
